29.03.2023 14:58:57.647 [main] INFO  c.e.bankapp.BankApp - Starting BankApp using Java 19.0.1 with PID 2552 (C:\Users\User\Tel-Ran\JavaProf\Project_BankApp\target\classes started by User in C:\Users\User\Tel-Ran\JavaProf\Project_BankApp)
29.03.2023 14:58:57.653 [main] INFO  c.e.bankapp.BankApp - No active profile set, falling back to 1 default profile: "default"
29.03.2023 14:58:58.820 [main] INFO  o.s.d.r.c.RepositoryConfigurationDelegate - Multiple Spring Data modules found, entering strict repository configuration mode
29.03.2023 14:58:58.823 [main] INFO  o.s.d.r.c.RepositoryConfigurationDelegate - Bootstrapping Spring Data JDBC repositories in DEFAULT mode.
29.03.2023 14:58:58.874 [main] INFO  o.s.d.r.c.RepositoryConfigurationExtensionSupport - Spring Data JDBC - Could not safely identify store assignment for repository candidate interface com.example.bankapp.repository.AccountRepository; If you want this repository to be a JDBC repository, consider annotating your entities with one of these annotations: org.springframework.data.relational.core.mapping.Table.
29.03.2023 14:58:58.882 [main] INFO  o.s.d.r.c.RepositoryConfigurationExtensionSupport - Spring Data JDBC - Could not safely identify store assignment for repository candidate interface com.example.bankapp.repository.ClientRepository; If you want this repository to be a JDBC repository, consider annotating your entities with one of these annotations: org.springframework.data.relational.core.mapping.Table.
29.03.2023 14:58:58.884 [main] INFO  o.s.d.r.c.RepositoryConfigurationExtensionSupport - Spring Data JDBC - Could not safely identify store assignment for repository candidate interface com.example.bankapp.repository.ManagerRepository; If you want this repository to be a JDBC repository, consider annotating your entities with one of these annotations: org.springframework.data.relational.core.mapping.Table.
29.03.2023 14:58:58.885 [main] INFO  o.s.d.r.c.RepositoryConfigurationDelegate - Finished Spring Data repository scanning in 57 ms. Found 0 JDBC repository interfaces.
29.03.2023 14:58:58.895 [main] INFO  o.s.d.r.c.RepositoryConfigurationDelegate - Multiple Spring Data modules found, entering strict repository configuration mode
29.03.2023 14:58:58.896 [main] INFO  o.s.d.r.c.RepositoryConfigurationDelegate - Bootstrapping Spring Data JPA repositories in DEFAULT mode.
29.03.2023 14:58:58.940 [main] INFO  o.s.d.r.c.RepositoryConfigurationDelegate - Finished Spring Data repository scanning in 39 ms. Found 3 JPA repository interfaces.
29.03.2023 14:58:59.530 [main] INFO  o.s.b.w.e.t.TomcatWebServer - Tomcat initialized with port(s): 8080 (http)
29.03.2023 14:58:59.543 [main] INFO  o.a.c.c.StandardService - Starting service [Tomcat]
29.03.2023 14:58:59.544 [main] INFO  o.a.c.c.StandardEngine - Starting Servlet engine: [Apache Tomcat/10.1.5]
29.03.2023 14:58:59.652 [main] INFO  o.a.c.c.C.[.[.[/] - Initializing Spring embedded WebApplicationContext
29.03.2023 14:58:59.652 [main] INFO  o.s.b.w.s.c.ServletWebServerApplicationContext - Root WebApplicationContext: initialization completed in 1865 ms
29.03.2023 14:58:59.826 [main] INFO  c.z.h.HikariDataSource - HikariPool-1 - Starting...
29.03.2023 14:59:00.246 [main] INFO  c.z.h.p.HikariPool - HikariPool-1 - Added connection com.mysql.cj.jdbc.ConnectionImpl@578c3fd9
29.03.2023 14:59:00.248 [main] INFO  c.z.h.HikariDataSource - HikariPool-1 - Start completed.
29.03.2023 14:59:00.970 [main] INFO  liquibase.changelog - Reading from bank_app.DATABASECHANGELOG
29.03.2023 14:59:00.979 [main] INFO  liquibase.executor - Changelog query completed.
29.03.2023 14:59:01.131 [main] INFO  o.h.j.i.u.LogHelper - HHH000204: Processing PersistenceUnitInfo [name: default]
29.03.2023 14:59:01.207 [main] INFO  o.hibernate.Version - HHH000412: Hibernate ORM core version 6.1.7.Final
29.03.2023 14:59:01.586 [main] INFO  SQL dialect - HHH000400: Using dialect: org.hibernate.dialect.MySQLDialect
29.03.2023 14:59:02.757 [main] INFO  o.h.e.t.j.p.i.JtaPlatformInitiator - HHH000490: Using JtaPlatform implementation: [org.hibernate.engine.transaction.jta.platform.internal.NoJtaPlatform]
29.03.2023 14:59:02.768 [main] INFO  o.s.o.j.LocalContainerEntityManagerFactoryBean - Initialized JPA EntityManagerFactory for persistence unit 'default'
29.03.2023 14:59:03.482 [main] WARN  o.s.b.a.o.j.JpaBaseConfiguration$JpaWebConfiguration - spring.jpa.open-in-view is enabled by default. Therefore, database queries may be performed during view rendering. Explicitly configure spring.jpa.open-in-view to disable this warning
29.03.2023 14:59:03.992 [main] INFO  o.s.b.w.e.t.TomcatWebServer - Tomcat started on port(s): 8080 (http) with context path ''
29.03.2023 14:59:04.001 [main] INFO  c.e.bankapp.BankApp - Started BankApp in 7.33 seconds (process running for 8.724)
29.03.2023 14:59:11.039 [SpringApplicationShutdownHook] INFO  o.s.o.j.LocalContainerEntityManagerFactoryBean - Closing JPA EntityManagerFactory for persistence unit 'default'
29.03.2023 14:59:11.042 [SpringApplicationShutdownHook] INFO  c.z.h.HikariDataSource - HikariPool-1 - Shutdown initiated...
29.03.2023 14:59:11.055 [SpringApplicationShutdownHook] INFO  c.z.h.HikariDataSource - HikariPool-1 - Shutdown completed.
